{"D:\\budka\\main.js": {"path":"D:\\budka\\main.js","statementMap":{"0":{"start":{"line":1,"column":25},"end":{"line":1,"column":44}},"1":{"start":{"line":2,"column":13},"end":{"line":2,"column":28}},"2":{"start":{"line":3,"column":23},"end":{"line":3,"column":54}},"3":{"start":{"line":6,"column":40},"end":{"line":6,"column":74}},"4":{"start":{"line":7,"column":42},"end":{"line":7,"column":75}},"5":{"start":{"line":12,"column":4},"end":{"line":12,"column":38}},"6":{"start":{"line":13,"column":22},"end":{"line":13,"column":55}},"7":{"start":{"line":14,"column":28},"end":{"line":14,"column":62}},"8":{"start":{"line":17,"column":15},"end":{"line":17,"column":33}},"9":{"start":{"line":20,"column":29},"end":{"line":20,"column":39}},"10":{"start":{"line":23,"column":0},"end":{"line":31,"column":2}},"11":{"start":{"line":24,"column":2},"end":{"line":30,"column":3}},"12":{"start":{"line":25,"column":4},"end":{"line":25,"column":26}},"13":{"start":{"line":26,"column":4},"end":{"line":26,"column":38}},"14":{"start":{"line":28,"column":4},"end":{"line":28,"column":40}},"15":{"start":{"line":29,"column":4},"end":{"line":29,"column":45}},"16":{"start":{"line":34,"column":0},"end":{"line":41,"column":2}},"17":{"start":{"line":35,"column":2},"end":{"line":40,"column":3}},"18":{"start":{"line":36,"column":4},"end":{"line":36,"column":35}},"19":{"start":{"line":38,"column":4},"end":{"line":38,"column":45}},"20":{"start":{"line":39,"column":4},"end":{"line":39,"column":13}},"21":{"start":{"line":44,"column":0},"end":{"line":71,"column":3}},"22":{"start":{"line":45,"column":2},"end":{"line":70,"column":3}},"23":{"start":{"line":48,"column":20},"end":{"line":48,"column":77}},"24":{"start":{"line":49,"column":4},"end":{"line":49,"column":44}},"25":{"start":{"line":52,"column":4},"end":{"line":52,"column":22}},"26":{"start":{"line":55,"column":23},"end":{"line":55,"column":37}},"27":{"start":{"line":58,"column":4},"end":{"line":62,"column":5}},"28":{"start":{"line":59,"column":6},"end":{"line":59,"column":39}},"29":{"start":{"line":60,"column":11},"end":{"line":62,"column":5}},"30":{"start":{"line":61,"column":6},"end":{"line":61,"column":43}},"31":{"start":{"line":65,"column":4},"end":{"line":67,"column":5}},"32":{"start":{"line":66,"column":6},"end":{"line":66,"column":56}},"33":{"start":{"line":69,"column":4},"end":{"line":69,"column":60}},"34":{"start":{"line":74,"column":0},"end":{"line":78,"column":2}},"35":{"start":{"line":77,"column":2},"end":{"line":77,"column":53}},"36":{"start":{"line":80,"column":0},"end":{"line":86,"column":2}},"37":{"start":{"line":81,"column":2},"end":{"line":85,"column":3}},"38":{"start":{"line":82,"column":4},"end":{"line":82,"column":20}},"39":{"start":{"line":84,"column":4},"end":{"line":84,"column":57}},"40":{"start":{"line":88,"column":0},"end":{"line":90,"column":2}},"41":{"start":{"line":89,"column":2},"end":{"line":89,"column":12}},"42":{"start":{"line":92,"column":0},"end":{"line":94,"column":2}},"43":{"start":{"line":93,"column":2},"end":{"line":93,"column":44}},"44":{"start":{"line":96,"column":0},"end":{"line":98,"column":2}},"45":{"start":{"line":97,"column":2},"end":{"line":97,"column":53}},"46":{"start":{"line":100,"column":0},"end":{"line":102,"column":2}},"47":{"start":{"line":101,"column":2},"end":{"line":101,"column":52}}},"fnMap":{"0":{"name":"(anonymous_0)","decl":{"start":{"line":23,"column":26},"end":{"line":23,"column":27}},"loc":{"start":{"line":23,"column":49},"end":{"line":31,"column":1}},"line":23},"1":{"name":"(anonymous_1)","decl":{"start":{"line":34,"column":29},"end":{"line":34,"column":30}},"loc":{"start":{"line":34,"column":65},"end":{"line":41,"column":1}},"line":34},"2":{"name":"(anonymous_2)","decl":{"start":{"line":44,"column":16},"end":{"line":44,"column":17}},"loc":{"start":{"line":44,"column":28},"end":{"line":71,"column":1}},"line":44},"3":{"name":"(anonymous_3)","decl":{"start":{"line":74,"column":21},"end":{"line":74,"column":22}},"loc":{"start":{"line":74,"column":27},"end":{"line":76,"column":1}},"line":74},"4":{"name":"(anonymous_4)","decl":{"start":{"line":76,"column":9},"end":{"line":76,"column":10}},"loc":{"start":{"line":76,"column":18},"end":{"line":78,"column":1}},"line":76},"5":{"name":"(anonymous_5)","decl":{"start":{"line":80,"column":22},"end":{"line":80,"column":23}},"loc":{"start":{"line":80,"column":28},"end":{"line":86,"column":1}},"line":80},"6":{"name":"(anonymous_6)","decl":{"start":{"line":88,"column":28},"end":{"line":88,"column":29}},"loc":{"start":{"line":88,"column":34},"end":{"line":90,"column":1}},"line":88},"7":{"name":"(anonymous_7)","decl":{"start":{"line":92,"column":16},"end":{"line":92,"column":17}},"loc":{"start":{"line":92,"column":27},"end":{"line":94,"column":1}},"line":92},"8":{"name":"(anonymous_8)","decl":{"start":{"line":96,"column":32},"end":{"line":96,"column":33}},"loc":{"start":{"line":96,"column":43},"end":{"line":98,"column":1}},"line":96},"9":{"name":"(anonymous_9)","decl":{"start":{"line":100,"column":33},"end":{"line":100,"column":34}},"loc":{"start":{"line":100,"column":44},"end":{"line":102,"column":1}},"line":100}},"branchMap":{"0":{"loc":{"start":{"line":17,"column":15},"end":{"line":17,"column":33}},"type":"binary-expr","locations":[{"start":{"line":17,"column":15},"end":{"line":17,"column":27}},{"start":{"line":17,"column":31},"end":{"line":17,"column":33}}],"line":17},"1":{"loc":{"start":{"line":34,"column":43},"end":{"line":34,"column":60}},"type":"default-arg","locations":[{"start":{"line":34,"column":53},"end":{"line":34,"column":60}}],"line":34},"2":{"loc":{"start":{"line":48,"column":20},"end":{"line":48,"column":77}},"type":"binary-expr","locations":[{"start":{"line":48,"column":20},"end":{"line":48,"column":45}},{"start":{"line":48,"column":49},"end":{"line":48,"column":77}}],"line":48},"3":{"loc":{"start":{"line":58,"column":4},"end":{"line":62,"column":5}},"type":"if","locations":[{"start":{"line":58,"column":4},"end":{"line":62,"column":5}},{"start":{"line":60,"column":11},"end":{"line":62,"column":5}}],"line":58},"4":{"loc":{"start":{"line":60,"column":11},"end":{"line":62,"column":5}},"type":"if","locations":[{"start":{"line":60,"column":11},"end":{"line":62,"column":5}},{"start":{},"end":{}}],"line":60},"5":{"loc":{"start":{"line":65,"column":4},"end":{"line":67,"column":5}},"type":"if","locations":[{"start":{"line":65,"column":4},"end":{"line":67,"column":5}},{"start":{},"end":{}}],"line":65},"6":{"loc":{"start":{"line":66,"column":22},"end":{"line":66,"column":55}},"type":"binary-expr","locations":[{"start":{"line":66,"column":22},"end":{"line":66,"column":47}},{"start":{"line":66,"column":51},"end":{"line":66,"column":55}}],"line":66}},"s":{"0":10,"1":10,"2":10,"3":10,"4":10,"5":10,"6":10,"7":10,"8":10,"9":10,"10":10,"11":1,"12":1,"13":1,"14":0,"15":0,"16":10,"17":1,"18":1,"19":0,"20":0,"21":10,"22":0,"23":0,"24":0,"25":0,"26":0,"27":0,"28":0,"29":0,"30":0,"31":0,"32":0,"33":0,"34":10,"35":0,"36":10,"37":0,"38":0,"39":0,"40":10,"41":1,"42":10,"43":0,"44":10,"45":0,"46":10,"47":0},"f":{"0":1,"1":1,"2":0,"3":10,"4":0,"5":0,"6":1,"7":0,"8":0,"9":0},"b":{"0":[10,0],"1":[0],"2":[0,0],"3":[0,0],"4":[0,0],"5":[0,0],"6":[0,0]},"_coverageSchema":"1a1c01bbd47fc00a2c39e90264f33305004495a9","hash":"770a17431b6e27e691a1e6052be37d132ea1bad4"}
,"D:\\budka\\modules\\systemMonitor.js": {"path":"D:\\budka\\modules\\systemMonitor.js","statementMap":{"0":{"start":{"line":1,"column":11},"end":{"line":1,"column":24}},"1":{"start":{"line":2,"column":11},"end":{"line":2,"column":24}},"2":{"start":{"line":3,"column":13},"end":{"line":3,"column":28}},"3":{"start":{"line":4,"column":17},"end":{"line":4,"column":41}},"4":{"start":{"line":5,"column":11},"end":{"line":5,"column":39}},"5":{"start":{"line":7,"column":25},"end":{"line":7,"column":29}},"6":{"start":{"line":8,"column":16},"end":{"line":8,"column":18}},"7":{"start":{"line":15,"column":2},"end":{"line":49,"column":3}},"8":{"start":{"line":17,"column":20},"end":{"line":22,"column":5}},"9":{"start":{"line":25,"column":21},"end":{"line":25,"column":34}},"10":{"start":{"line":26,"column":20},"end":{"line":26,"column":32}},"11":{"start":{"line":27,"column":20},"end":{"line":32,"column":5}},"12":{"start":{"line":35,"column":21},"end":{"line":35,"column":40}},"13":{"start":{"line":37,"column":4},"end":{"line":41,"column":6}},"14":{"start":{"line":43,"column":4},"end":{"line":43,"column":55}},"15":{"start":{"line":44,"column":4},"end":{"line":48,"column":6}},"16":{"start":{"line":59,"column":2},"end":{"line":59,"column":41}},"17":{"start":{"line":69,"column":2},"end":{"line":69,"column":45}},"18":{"start":{"line":78,"column":16},"end":{"line":78,"column":29}},"19":{"start":{"line":79,"column":15},"end":{"line":79,"column":50}},"20":{"start":{"line":81,"column":2},"end":{"line":86,"column":4}},"21":{"start":{"line":95,"column":2},"end":{"line":97,"column":3}},"22":{"start":{"line":96,"column":4},"end":{"line":96,"column":38}},"23":{"start":{"line":99,"column":2},"end":{"line":101,"column":3}},"24":{"start":{"line":100,"column":4},"end":{"line":100,"column":29}},"25":{"start":{"line":103,"column":2},"end":{"line":106,"column":15}},"26":{"start":{"line":104,"column":17},"end":{"line":104,"column":38}},"27":{"start":{"line":105,"column":4},"end":{"line":105,"column":50}},"28":{"start":{"line":105,"column":34},"end":{"line":105,"column":48}},"29":{"start":{"line":108,"column":2},"end":{"line":108,"column":14}},"30":{"start":{"line":115,"column":2},"end":{"line":119,"column":3}},"31":{"start":{"line":116,"column":4},"end":{"line":116,"column":38}},"32":{"start":{"line":117,"column":4},"end":{"line":117,"column":30}},"33":{"start":{"line":118,"column":4},"end":{"line":118,"column":16}},"34":{"start":{"line":120,"column":2},"end":{"line":120,"column":15}},"35":{"start":{"line":123,"column":0},"end":{"line":127,"column":2}}},"fnMap":{"0":{"name":"getSystemInfo","decl":{"start":{"line":14,"column":15},"end":{"line":14,"column":28}},"loc":{"start":{"line":14,"column":31},"end":{"line":50,"column":1}},"line":14},"1":{"name":"getCpuUsage","decl":{"start":{"line":56,"column":9},"end":{"line":56,"column":20}},"loc":{"start":{"line":56,"column":23},"end":{"line":60,"column":1}},"line":56},"2":{"name":"getCpuTemperature","decl":{"start":{"line":66,"column":9},"end":{"line":66,"column":26}},"loc":{"start":{"line":66,"column":29},"end":{"line":70,"column":1}},"line":66},"3":{"name":"getDiskInfo","decl":{"start":{"line":76,"column":15},"end":{"line":76,"column":26}},"loc":{"start":{"line":76,"column":29},"end":{"line":87,"column":1}},"line":76},"4":{"name":"startMonitoring","decl":{"start":{"line":94,"column":9},"end":{"line":94,"column":24}},"loc":{"start":{"line":94,"column":52},"end":{"line":109,"column":1}},"line":94},"5":{"name":"(anonymous_5)","decl":{"start":{"line":103,"column":35},"end":{"line":103,"column":36}},"loc":{"start":{"line":103,"column":47},"end":{"line":106,"column":3}},"line":103},"6":{"name":"(anonymous_6)","decl":{"start":{"line":105,"column":22},"end":{"line":105,"column":23}},"loc":{"start":{"line":105,"column":34},"end":{"line":105,"column":48}},"line":105},"7":{"name":"stopMonitoring","decl":{"start":{"line":114,"column":9},"end":{"line":114,"column":23}},"loc":{"start":{"line":114,"column":26},"end":{"line":121,"column":1}},"line":114}},"branchMap":{"0":{"loc":{"start":{"line":94,"column":25},"end":{"line":94,"column":40}},"type":"default-arg","locations":[{"start":{"line":94,"column":36},"end":{"line":94,"column":40}}],"line":94},"1":{"loc":{"start":{"line":95,"column":2},"end":{"line":97,"column":3}},"type":"if","locations":[{"start":{"line":95,"column":2},"end":{"line":97,"column":3}},{"start":{},"end":{}}],"line":95},"2":{"loc":{"start":{"line":99,"column":2},"end":{"line":101,"column":3}},"type":"if","locations":[{"start":{"line":99,"column":2},"end":{"line":101,"column":3}},{"start":{},"end":{}}],"line":99},"3":{"loc":{"start":{"line":115,"column":2},"end":{"line":119,"column":3}},"type":"if","locations":[{"start":{"line":115,"column":2},"end":{"line":119,"column":3}},{"start":{},"end":{}}],"line":115}},"s":{"0":1,"1":1,"2":1,"3":1,"4":1,"5":1,"6":1,"7":2,"8":2,"9":2,"10":2,"11":2,"12":2,"13":2,"14":0,"15":0,"16":2,"17":2,"18":2,"19":2,"20":2,"21":4,"22":1,"23":4,"24":4,"25":4,"26":2,"27":2,"28":5,"29":4,"30":2,"31":2,"32":2,"33":2,"34":0,"35":1},"f":{"0":2,"1":2,"2":2,"3":2,"4":4,"5":2,"6":5,"7":2},"b":{"0":[0],"1":[1,3],"2":[4,0],"3":[2,0]},"_coverageSchema":"1a1c01bbd47fc00a2c39e90264f33305004495a9","hash":"820a8f175884b04d033da9c55b640362f95c3476"}
,"D:\\budka\\utils\\configLoader.js": {"path":"D:\\budka\\utils\\configLoader.js","statementMap":{"0":{"start":{"line":1,"column":11},"end":{"line":1,"column":24}},"1":{"start":{"line":2,"column":13},"end":{"line":2,"column":28}},"2":{"start":{"line":5,"column":22},"end":{"line":9,"column":1}},"3":{"start":{"line":11,"column":20},"end":{"line":11,"column":58}},"4":{"start":{"line":18,"column":2},"end":{"line":28,"column":3}},"5":{"start":{"line":19,"column":4},"end":{"line":25,"column":5}},"6":{"start":{"line":20,"column":25},"end":{"line":20,"column":61}},"7":{"start":{"line":21,"column":6},"end":{"line":21,"column":36}},"8":{"start":{"line":23,"column":6},"end":{"line":23,"column":57}},"9":{"start":{"line":24,"column":6},"end":{"line":24,"column":35}},"10":{"start":{"line":27,"column":4},"end":{"line":27,"column":33}},"11":{"start":{"line":36,"column":2},"end":{"line":42,"column":3}},"12":{"start":{"line":37,"column":4},"end":{"line":37,"column":74}},"13":{"start":{"line":38,"column":4},"end":{"line":38,"column":25}},"14":{"start":{"line":40,"column":4},"end":{"line":40,"column":59}},"15":{"start":{"line":41,"column":4},"end":{"line":41,"column":25}},"16":{"start":{"line":51,"column":2},"end":{"line":57,"column":3}},"17":{"start":{"line":52,"column":4},"end":{"line":52,"column":67}},"18":{"start":{"line":53,"column":4},"end":{"line":53,"column":16}},"19":{"start":{"line":55,"column":4},"end":{"line":55,"column":49}},"20":{"start":{"line":56,"column":4},"end":{"line":56,"column":17}},"21":{"start":{"line":60,"column":0},"end":{"line":64,"column":2}}},"fnMap":{"0":{"name":"loadConfig","decl":{"start":{"line":17,"column":9},"end":{"line":17,"column":19}},"loc":{"start":{"line":17,"column":22},"end":{"line":29,"column":1}},"line":17},"1":{"name":"createDefaultConfig","decl":{"start":{"line":35,"column":9},"end":{"line":35,"column":28}},"loc":{"start":{"line":35,"column":31},"end":{"line":43,"column":1}},"line":35},"2":{"name":"saveConfig","decl":{"start":{"line":50,"column":9},"end":{"line":50,"column":19}},"loc":{"start":{"line":50,"column":28},"end":{"line":58,"column":1}},"line":50}},"branchMap":{"0":{"loc":{"start":{"line":18,"column":2},"end":{"line":28,"column":3}},"type":"if","locations":[{"start":{"line":18,"column":2},"end":{"line":28,"column":3}},{"start":{"line":26,"column":9},"end":{"line":28,"column":3}}],"line":18}},"s":{"0":1,"1":1,"2":1,"3":1,"4":3,"5":2,"6":2,"7":2,"8":1,"9":1,"10":1,"11":2,"12":2,"13":2,"14":0,"15":0,"16":2,"17":2,"18":1,"19":1,"20":1,"21":1},"f":{"0":3,"1":2,"2":2},"b":{"0":[2,1]},"_coverageSchema":"1a1c01bbd47fc00a2c39e90264f33305004495a9","hash":"af86c6ffa68047106fdf2c9803db2033bb3a518f"}
}
