{"D:\\budka\\main.js": {"path":"D:\\budka\\main.js","statementMap":{"0":{"start":{"line":1,"column":25},"end":{"line":1,"column":44}},"1":{"start":{"line":2,"column":13},"end":{"line":2,"column":28}},"2":{"start":{"line":3,"column":23},"end":{"line":3,"column":54}},"3":{"start":{"line":6,"column":15},"end":{"line":6,"column":33}},"4":{"start":{"line":9,"column":29},"end":{"line":9,"column":39}},"5":{"start":{"line":12,"column":0},"end":{"line":21,"column":2}},"6":{"start":{"line":13,"column":2},"end":{"line":20,"column":3}},"7":{"start":{"line":14,"column":25},"end":{"line":14,"column":58}},"8":{"start":{"line":15,"column":4},"end":{"line":15,"column":39}},"9":{"start":{"line":16,"column":4},"end":{"line":16,"column":38}},"10":{"start":{"line":18,"column":4},"end":{"line":18,"column":40}},"11":{"start":{"line":19,"column":4},"end":{"line":19,"column":45}},"12":{"start":{"line":24,"column":0},"end":{"line":32,"column":2}},"13":{"start":{"line":25,"column":2},"end":{"line":31,"column":3}},"14":{"start":{"line":26,"column":25},"end":{"line":26,"column":58}},"15":{"start":{"line":27,"column":4},"end":{"line":27,"column":48}},"16":{"start":{"line":29,"column":4},"end":{"line":29,"column":45}},"17":{"start":{"line":30,"column":4},"end":{"line":30,"column":13}},"18":{"start":{"line":35,"column":0},"end":{"line":62,"column":2}},"19":{"start":{"line":36,"column":2},"end":{"line":61,"column":3}},"20":{"start":{"line":38,"column":26},"end":{"line":38,"column":60}},"21":{"start":{"line":39,"column":25},"end":{"line":39,"column":58}},"22":{"start":{"line":40,"column":26},"end":{"line":40,"column":60}},"23":{"start":{"line":41,"column":26},"end":{"line":41,"column":60}},"24":{"start":{"line":45,"column":20},"end":{"line":45,"column":90}},"25":{"start":{"line":46,"column":4},"end":{"line":46,"column":44}},"26":{"start":{"line":49,"column":4},"end":{"line":49,"column":36}},"27":{"start":{"line":52,"column":23},"end":{"line":52,"column":51}},"28":{"start":{"line":55,"column":4},"end":{"line":55,"column":51}},"29":{"start":{"line":58,"column":4},"end":{"line":58,"column":40}},"30":{"start":{"line":60,"column":4},"end":{"line":60,"column":60}},"31":{"start":{"line":64,"column":0},"end":{"line":71,"column":2}},"32":{"start":{"line":65,"column":2},"end":{"line":70,"column":3}},"33":{"start":{"line":66,"column":26},"end":{"line":66,"column":60}},"34":{"start":{"line":67,"column":4},"end":{"line":67,"column":34}},"35":{"start":{"line":69,"column":4},"end":{"line":69,"column":57}},"36":{"start":{"line":73,"column":0},"end":{"line":75,"column":2}},"37":{"start":{"line":74,"column":2},"end":{"line":74,"column":12}},"38":{"start":{"line":77,"column":0},"end":{"line":79,"column":2}},"39":{"start":{"line":78,"column":2},"end":{"line":78,"column":44}},"40":{"start":{"line":81,"column":0},"end":{"line":83,"column":2}},"41":{"start":{"line":82,"column":2},"end":{"line":82,"column":45}},"42":{"start":{"line":85,"column":0},"end":{"line":87,"column":2}},"43":{"start":{"line":86,"column":2},"end":{"line":86,"column":46}}},"fnMap":{"0":{"name":"(anonymous_0)","decl":{"start":{"line":12,"column":26},"end":{"line":12,"column":27}},"loc":{"start":{"line":12,"column":49},"end":{"line":21,"column":1}},"line":12},"1":{"name":"(anonymous_1)","decl":{"start":{"line":24,"column":29},"end":{"line":24,"column":30}},"loc":{"start":{"line":24,"column":65},"end":{"line":32,"column":1}},"line":24},"2":{"name":"(anonymous_2)","decl":{"start":{"line":35,"column":16},"end":{"line":35,"column":17}},"loc":{"start":{"line":35,"column":28},"end":{"line":62,"column":1}},"line":35},"3":{"name":"(anonymous_3)","decl":{"start":{"line":64,"column":22},"end":{"line":64,"column":23}},"loc":{"start":{"line":64,"column":28},"end":{"line":71,"column":1}},"line":64},"4":{"name":"(anonymous_4)","decl":{"start":{"line":73,"column":28},"end":{"line":73,"column":29}},"loc":{"start":{"line":73,"column":34},"end":{"line":75,"column":1}},"line":73},"5":{"name":"(anonymous_5)","decl":{"start":{"line":77,"column":16},"end":{"line":77,"column":17}},"loc":{"start":{"line":77,"column":27},"end":{"line":79,"column":1}},"line":77},"6":{"name":"(anonymous_6)","decl":{"start":{"line":81,"column":32},"end":{"line":81,"column":33}},"loc":{"start":{"line":81,"column":43},"end":{"line":83,"column":1}},"line":81},"7":{"name":"(anonymous_7)","decl":{"start":{"line":85,"column":33},"end":{"line":85,"column":34}},"loc":{"start":{"line":85,"column":44},"end":{"line":87,"column":1}},"line":85}},"branchMap":{"0":{"loc":{"start":{"line":6,"column":15},"end":{"line":6,"column":33}},"type":"binary-expr","locations":[{"start":{"line":6,"column":15},"end":{"line":6,"column":27}},{"start":{"line":6,"column":31},"end":{"line":6,"column":33}}],"line":6},"1":{"loc":{"start":{"line":24,"column":43},"end":{"line":24,"column":60}},"type":"default-arg","locations":[{"start":{"line":24,"column":53},"end":{"line":24,"column":60}}],"line":24},"2":{"loc":{"start":{"line":45,"column":20},"end":{"line":45,"column":90}},"type":"binary-expr","locations":[{"start":{"line":45,"column":20},"end":{"line":45,"column":58}},{"start":{"line":45,"column":62},"end":{"line":45,"column":90}}],"line":45}},"s":{"0":9,"1":9,"2":9,"3":9,"4":9,"5":9,"6":1,"7":1,"8":1,"9":1,"10":0,"11":0,"12":9,"13":1,"14":1,"15":1,"16":0,"17":0,"18":9,"19":3,"20":3,"21":3,"22":3,"23":3,"24":3,"25":3,"26":3,"27":3,"28":3,"29":3,"30":0,"31":9,"32":1,"33":1,"34":1,"35":0,"36":9,"37":1,"38":9,"39":0,"40":9,"41":0,"42":9,"43":0},"f":{"0":1,"1":1,"2":3,"3":1,"4":1,"5":0,"6":0,"7":0},"b":{"0":[9,0],"1":[0],"2":[3,0]},"_coverageSchema":"1a1c01bbd47fc00a2c39e90264f33305004495a9","hash":"26734a42fa55b3e3e6223fd309ff2c48eb28b331"}
,"D:\\budka\\modules\\systemMonitor.js": {"path":"D:\\budka\\modules\\systemMonitor.js","statementMap":{"0":{"start":{"line":1,"column":11},"end":{"line":1,"column":24}},"1":{"start":{"line":2,"column":11},"end":{"line":2,"column":24}},"2":{"start":{"line":3,"column":13},"end":{"line":3,"column":28}},"3":{"start":{"line":4,"column":17},"end":{"line":4,"column":41}},"4":{"start":{"line":5,"column":11},"end":{"line":5,"column":39}},"5":{"start":{"line":7,"column":25},"end":{"line":7,"column":29}},"6":{"start":{"line":8,"column":16},"end":{"line":8,"column":18}},"7":{"start":{"line":15,"column":2},"end":{"line":49,"column":3}},"8":{"start":{"line":17,"column":20},"end":{"line":22,"column":5}},"9":{"start":{"line":25,"column":21},"end":{"line":25,"column":34}},"10":{"start":{"line":26,"column":20},"end":{"line":26,"column":32}},"11":{"start":{"line":27,"column":20},"end":{"line":32,"column":5}},"12":{"start":{"line":35,"column":21},"end":{"line":35,"column":40}},"13":{"start":{"line":37,"column":4},"end":{"line":41,"column":6}},"14":{"start":{"line":43,"column":4},"end":{"line":43,"column":55}},"15":{"start":{"line":44,"column":4},"end":{"line":48,"column":6}},"16":{"start":{"line":57,"column":2},"end":{"line":57,"column":41}},"17":{"start":{"line":65,"column":2},"end":{"line":65,"column":45}},"18":{"start":{"line":73,"column":16},"end":{"line":73,"column":29}},"19":{"start":{"line":74,"column":15},"end":{"line":74,"column":50}},"20":{"start":{"line":76,"column":2},"end":{"line":81,"column":4}},"21":{"start":{"line":91,"column":4},"end":{"line":93,"column":31}},"22":{"start":{"line":95,"column":2},"end":{"line":115,"column":3}},"23":{"start":{"line":97,"column":4},"end":{"line":100,"column":5}},"24":{"start":{"line":98,"column":6},"end":{"line":98,"column":40}},"25":{"start":{"line":99,"column":6},"end":{"line":99,"column":32}},"26":{"start":{"line":103,"column":27},"end":{"line":107,"column":5}},"27":{"start":{"line":110,"column":4},"end":{"line":110,"column":60}},"28":{"start":{"line":110,"column":34},"end":{"line":110,"column":58}},"29":{"start":{"line":113,"column":4},"end":{"line":113,"column":31}},"30":{"start":{"line":114,"column":4},"end":{"line":114,"column":30}},"31":{"start":{"line":118,"column":2},"end":{"line":121,"column":3}},"32":{"start":{"line":119,"column":4},"end":{"line":119,"column":38}},"33":{"start":{"line":120,"column":4},"end":{"line":120,"column":30}},"34":{"start":{"line":124,"column":26},"end":{"line":127,"column":3}},"35":{"start":{"line":125,"column":23},"end":{"line":125,"column":44}},"36":{"start":{"line":126,"column":4},"end":{"line":126,"column":56}},"37":{"start":{"line":126,"column":34},"end":{"line":126,"column":54}},"38":{"start":{"line":130,"column":2},"end":{"line":130,"column":20}},"39":{"start":{"line":133,"column":2},"end":{"line":133,"column":62}},"40":{"start":{"line":135,"column":2},"end":{"line":135,"column":28}},"41":{"start":{"line":143,"column":2},"end":{"line":145,"column":3}},"42":{"start":{"line":144,"column":4},"end":{"line":144,"column":29}},"43":{"start":{"line":153,"column":16},"end":{"line":153,"column":43}},"44":{"start":{"line":154,"column":2},"end":{"line":156,"column":3}},"45":{"start":{"line":155,"column":4},"end":{"line":155,"column":31}},"46":{"start":{"line":163,"column":2},"end":{"line":168,"column":3}},"47":{"start":{"line":164,"column":4},"end":{"line":164,"column":38}},"48":{"start":{"line":165,"column":4},"end":{"line":165,"column":30}},"49":{"start":{"line":166,"column":4},"end":{"line":166,"column":19}},"50":{"start":{"line":167,"column":4},"end":{"line":167,"column":16}},"51":{"start":{"line":169,"column":2},"end":{"line":169,"column":15}},"52":{"start":{"line":172,"column":0},"end":{"line":178,"column":2}}},"fnMap":{"0":{"name":"getSystemInfo","decl":{"start":{"line":14,"column":15},"end":{"line":14,"column":28}},"loc":{"start":{"line":14,"column":31},"end":{"line":50,"column":1}},"line":14},"1":{"name":"getCpuUsage","decl":{"start":{"line":56,"column":9},"end":{"line":56,"column":20}},"loc":{"start":{"line":56,"column":23},"end":{"line":58,"column":1}},"line":56},"2":{"name":"getCpuTemperature","decl":{"start":{"line":64,"column":9},"end":{"line":64,"column":26}},"loc":{"start":{"line":64,"column":29},"end":{"line":66,"column":1}},"line":64},"3":{"name":"getDiskInfo","decl":{"start":{"line":72,"column":15},"end":{"line":72,"column":26}},"loc":{"start":{"line":72,"column":29},"end":{"line":82,"column":1}},"line":72},"4":{"name":"startMonitoring","decl":{"start":{"line":88,"column":9},"end":{"line":88,"column":24}},"loc":{"start":{"line":88,"column":35},"end":{"line":136,"column":1}},"line":88},"5":{"name":"(anonymous_5)","decl":{"start":{"line":110,"column":22},"end":{"line":110,"column":23}},"loc":{"start":{"line":110,"column":34},"end":{"line":110,"column":58}},"line":110},"6":{"name":"(anonymous_6)","decl":{"start":{"line":124,"column":26},"end":{"line":124,"column":27}},"loc":{"start":{"line":124,"column":38},"end":{"line":127,"column":3}},"line":124},"7":{"name":"(anonymous_7)","decl":{"start":{"line":126,"column":22},"end":{"line":126,"column":23}},"loc":{"start":{"line":126,"column":34},"end":{"line":126,"column":54}},"line":126},"8":{"name":"addMonitoringListener","decl":{"start":{"line":142,"column":9},"end":{"line":142,"column":30}},"loc":{"start":{"line":142,"column":41},"end":{"line":146,"column":1}},"line":142},"9":{"name":"removeMonitoringListener","decl":{"start":{"line":152,"column":9},"end":{"line":152,"column":33}},"loc":{"start":{"line":152,"column":44},"end":{"line":157,"column":1}},"line":152},"10":{"name":"stopMonitoring","decl":{"start":{"line":162,"column":9},"end":{"line":162,"column":23}},"loc":{"start":{"line":162,"column":26},"end":{"line":170,"column":1}},"line":162}},"branchMap":{"0":{"loc":{"start":{"line":91,"column":4},"end":{"line":93,"column":31}},"type":"binary-expr","locations":[{"start":{"line":91,"column":4},"end":{"line":91,"column":35}},{"start":{"line":92,"column":4},"end":{"line":92,"column":44}},{"start":{"line":93,"column":4},"end":{"line":93,"column":31}}],"line":91},"1":{"loc":{"start":{"line":95,"column":2},"end":{"line":115,"column":3}},"type":"if","locations":[{"start":{"line":95,"column":2},"end":{"line":115,"column":3}},{"start":{},"end":{}}],"line":95},"2":{"loc":{"start":{"line":97,"column":4},"end":{"line":100,"column":5}},"type":"if","locations":[{"start":{"line":97,"column":4},"end":{"line":100,"column":5}},{"start":{},"end":{}}],"line":97},"3":{"loc":{"start":{"line":118,"column":2},"end":{"line":121,"column":3}},"type":"if","locations":[{"start":{"line":118,"column":2},"end":{"line":121,"column":3}},{"start":{},"end":{}}],"line":118},"4":{"loc":{"start":{"line":143,"column":2},"end":{"line":145,"column":3}},"type":"if","locations":[{"start":{"line":143,"column":2},"end":{"line":145,"column":3}},{"start":{},"end":{}}],"line":143},"5":{"loc":{"start":{"line":143,"column":6},"end":{"line":143,"column":69}},"type":"binary-expr","locations":[{"start":{"line":143,"column":6},"end":{"line":143,"column":36}},{"start":{"line":143,"column":40},"end":{"line":143,"column":69}}],"line":143},"6":{"loc":{"start":{"line":154,"column":2},"end":{"line":156,"column":3}},"type":"if","locations":[{"start":{"line":154,"column":2},"end":{"line":156,"column":3}},{"start":{},"end":{}}],"line":154},"7":{"loc":{"start":{"line":163,"column":2},"end":{"line":168,"column":3}},"type":"if","locations":[{"start":{"line":163,"column":2},"end":{"line":168,"column":3}},{"start":{},"end":{}}],"line":163}},"s":{"0":1,"1":1,"2":1,"3":1,"4":1,"5":1,"6":1,"7":0,"8":0,"9":0,"10":0,"11":0,"12":0,"13":0,"14":0,"15":0,"16":0,"17":0,"18":0,"19":0,"20":0,"21":4,"22":4,"23":4,"24":2,"25":2,"26":4,"27":4,"28":4,"29":4,"30":4,"31":0,"32":0,"33":0,"34":0,"35":0,"36":0,"37":0,"38":0,"39":0,"40":0,"41":3,"42":3,"43":1,"44":1,"45":1,"46":1,"47":1,"48":1,"49":1,"50":1,"51":0,"52":1},"f":{"0":0,"1":0,"2":0,"3":0,"4":4,"5":4,"6":0,"7":0,"8":3,"9":1,"10":1},"b":{"0":[4,0,0],"1":[4,0],"2":[2,2],"3":[0,0],"4":[3,0],"5":[3,3],"6":[1,0],"7":[1,0]},"_coverageSchema":"1a1c01bbd47fc00a2c39e90264f33305004495a9","hash":"55b4d8b61e8d9b4e6bb6c03a7a34f1fb2d3caf68"}
,"D:\\budka\\utils\\configLoader.js": {"path":"D:\\budka\\utils\\configLoader.js","statementMap":{"0":{"start":{"line":1,"column":11},"end":{"line":1,"column":24}},"1":{"start":{"line":2,"column":13},"end":{"line":2,"column":28}},"2":{"start":{"line":5,"column":22},"end":{"line":10,"column":1}},"3":{"start":{"line":12,"column":20},"end":{"line":12,"column":58}},"4":{"start":{"line":19,"column":2},"end":{"line":34,"column":3}},"5":{"start":{"line":21,"column":4},"end":{"line":30,"column":5}},"6":{"start":{"line":22,"column":25},"end":{"line":22,"column":61}},"7":{"start":{"line":23,"column":27},"end":{"line":23,"column":49}},"8":{"start":{"line":26,"column":6},"end":{"line":26,"column":48}},"9":{"start":{"line":28,"column":6},"end":{"line":28,"column":68}},"10":{"start":{"line":29,"column":6},"end":{"line":29,"column":35}},"11":{"start":{"line":32,"column":4},"end":{"line":32,"column":55}},"12":{"start":{"line":33,"column":4},"end":{"line":33,"column":33}},"13":{"start":{"line":42,"column":2},"end":{"line":49,"column":3}},"14":{"start":{"line":43,"column":19},"end":{"line":43,"column":37}},"15":{"start":{"line":44,"column":4},"end":{"line":44,"column":67}},"16":{"start":{"line":45,"column":4},"end":{"line":45,"column":40}},"17":{"start":{"line":47,"column":4},"end":{"line":47,"column":59}},"18":{"start":{"line":48,"column":4},"end":{"line":48,"column":52}},"19":{"start":{"line":58,"column":20},"end":{"line":58,"column":31}},"20":{"start":{"line":61,"column":2},"end":{"line":65,"column":3}},"21":{"start":{"line":62,"column":4},"end":{"line":64,"column":5}},"22":{"start":{"line":63,"column":6},"end":{"line":63,"column":82}},"23":{"start":{"line":67,"column":2},"end":{"line":67,"column":19}},"24":{"start":{"line":76,"column":2},"end":{"line":82,"column":3}},"25":{"start":{"line":77,"column":4},"end":{"line":77,"column":67}},"26":{"start":{"line":78,"column":4},"end":{"line":78,"column":16}},"27":{"start":{"line":80,"column":4},"end":{"line":80,"column":49}},"28":{"start":{"line":81,"column":4},"end":{"line":81,"column":17}},"29":{"start":{"line":85,"column":0},"end":{"line":90,"column":2}}},"fnMap":{"0":{"name":"loadConfig","decl":{"start":{"line":18,"column":9},"end":{"line":18,"column":19}},"loc":{"start":{"line":18,"column":22},"end":{"line":35,"column":1}},"line":18},"1":{"name":"createDefaultConfig","decl":{"start":{"line":41,"column":9},"end":{"line":41,"column":28}},"loc":{"start":{"line":41,"column":31},"end":{"line":50,"column":1}},"line":41},"2":{"name":"processPathTemplates","decl":{"start":{"line":57,"column":9},"end":{"line":57,"column":29}},"loc":{"start":{"line":57,"column":38},"end":{"line":68,"column":1}},"line":57},"3":{"name":"saveConfig","decl":{"start":{"line":75,"column":9},"end":{"line":75,"column":19}},"loc":{"start":{"line":75,"column":28},"end":{"line":83,"column":1}},"line":75}},"branchMap":{"0":{"loc":{"start":{"line":6,"column":12},"end":{"line":6,"column":78}},"type":"cond-expr","locations":[{"start":{"line":6,"column":43},"end":{"line":6,"column":63}},{"start":{"line":6,"column":66},"end":{"line":6,"column":78}}],"line":6},"1":{"loc":{"start":{"line":21,"column":4},"end":{"line":30,"column":5}},"type":"if","locations":[{"start":{"line":21,"column":4},"end":{"line":30,"column":5}},{"start":{"line":27,"column":11},"end":{"line":30,"column":5}}],"line":21},"2":{"loc":{"start":{"line":62,"column":4},"end":{"line":64,"column":5}},"type":"if","locations":[{"start":{"line":62,"column":4},"end":{"line":64,"column":5}},{"start":{},"end":{}}],"line":62},"3":{"loc":{"start":{"line":62,"column":8},"end":{"line":62,"column":85}},"type":"binary-expr","locations":[{"start":{"line":62,"column":8},"end":{"line":62,"column":42}},{"start":{"line":62,"column":46},"end":{"line":62,"column":85}}],"line":62}},"s":{"0":1,"1":1,"2":1,"3":1,"4":3,"5":3,"6":2,"7":2,"8":1,"9":1,"10":1,"11":1,"12":1,"13":2,"14":2,"15":2,"16":2,"17":0,"18":0,"19":3,"20":3,"21":8,"22":2,"23":3,"24":2,"25":2,"26":1,"27":1,"28":1,"29":1},"f":{"0":3,"1":2,"2":3,"3":2},"b":{"0":[1,0],"1":[2,1],"2":[2,6],"3":[8,8]},"_coverageSchema":"1a1c01bbd47fc00a2c39e90264f33305004495a9","hash":"fac3ab6aed182a8eff428a7561210a7a5051d9a8"}
}
