TN:
SF:main.js
FN:23,(anonymous_0)
FN:34,(anonymous_1)
FN:44,(anonymous_2)
FN:74,(anonymous_3)
FN:76,(anonymous_4)
FN:80,(anonymous_5)
FN:88,(anonymous_6)
FN:92,(anonymous_7)
FN:96,(anonymous_8)
FN:100,(anonymous_9)
FNF:10
FNH:4
FNDA:1,(anonymous_0)
FNDA:1,(anonymous_1)
FNDA:0,(anonymous_2)
FNDA:10,(anonymous_3)
FNDA:0,(anonymous_4)
FNDA:0,(anonymous_5)
FNDA:1,(anonymous_6)
FNDA:0,(anonymous_7)
FNDA:0,(anonymous_8)
FNDA:0,(anonymous_9)
DA:1,10
DA:2,10
DA:3,10
DA:6,10
DA:7,10
DA:12,10
DA:13,10
DA:14,10
DA:17,10
DA:20,10
DA:23,10
DA:24,1
DA:25,1
DA:26,1
DA:28,0
DA:29,0
DA:34,10
DA:35,1
DA:36,1
DA:38,0
DA:39,0
DA:44,10
DA:45,0
DA:48,0
DA:49,0
DA:52,0
DA:55,0
DA:58,0
DA:59,0
DA:60,0
DA:61,0
DA:65,0
DA:66,0
DA:69,0
DA:74,10
DA:77,0
DA:80,10
DA:81,0
DA:82,0
DA:84,0
DA:88,10
DA:89,1
DA:92,10
DA:93,0
DA:96,10
DA:97,0
DA:100,10
DA:101,0
LF:48
LH:25
BRDA:17,0,0,10
BRDA:17,0,1,0
BRDA:34,1,0,0
BRDA:48,2,0,0
BRDA:48,2,1,0
BRDA:58,3,0,0
BRDA:58,3,1,0
BRDA:60,4,0,0
BRDA:60,4,1,0
BRDA:65,5,0,0
BRDA:65,5,1,0
BRDA:66,6,0,0
BRDA:66,6,1,0
BRF:13
BRH:1
end_of_record
TN:
SF:modules\systemMonitor.js
FN:14,getSystemInfo
FN:56,getCpuUsage
FN:66,getCpuTemperature
FN:76,getDiskInfo
FN:94,startMonitoring
FN:103,(anonymous_5)
FN:105,(anonymous_6)
FN:114,stopMonitoring
FNF:8
FNH:8
FNDA:2,getSystemInfo
FNDA:2,getCpuUsage
FNDA:2,getCpuTemperature
FNDA:2,getDiskInfo
FNDA:4,startMonitoring
FNDA:2,(anonymous_5)
FNDA:5,(anonymous_6)
FNDA:2,stopMonitoring
DA:1,1
DA:2,1
DA:3,1
DA:4,1
DA:5,1
DA:7,1
DA:8,1
DA:15,2
DA:17,2
DA:25,2
DA:26,2
DA:27,2
DA:35,2
DA:37,2
DA:43,0
DA:44,0
DA:59,2
DA:69,2
DA:78,2
DA:79,2
DA:81,2
DA:95,4
DA:96,1
DA:99,4
DA:100,4
DA:103,4
DA:104,2
DA:105,5
DA:108,4
DA:115,2
DA:116,2
DA:117,2
DA:118,2
DA:120,0
DA:123,1
LF:35
LH:32
BRDA:94,0,0,0
BRDA:95,1,0,1
BRDA:95,1,1,3
BRDA:99,2,0,4
BRDA:99,2,1,0
BRDA:115,3,0,2
BRDA:115,3,1,0
BRF:7
BRH:4
end_of_record
TN:
SF:utils\configLoader.js
FN:17,loadConfig
FN:35,createDefaultConfig
FN:50,saveConfig
FNF:3
FNH:3
FNDA:3,loadConfig
FNDA:2,createDefaultConfig
FNDA:2,saveConfig
DA:1,1
DA:2,1
DA:5,1
DA:11,1
DA:18,3
DA:19,2
DA:20,2
DA:21,2
DA:23,1
DA:24,1
DA:27,1
DA:36,2
DA:37,2
DA:38,2
DA:40,0
DA:41,0
DA:51,2
DA:52,2
DA:53,1
DA:55,1
DA:56,1
DA:60,1
LF:22
LH:20
BRDA:18,0,0,2
BRDA:18,0,1,1
BRF:2
BRH:2
end_of_record
