TN:
SF:main.js
FN:12,(anonymous_0)
FN:24,(anonymous_1)
FN:35,(anonymous_2)
FN:64,(anonymous_3)
FN:73,(anonymous_4)
FN:77,(anonymous_5)
FN:81,(anonymous_6)
FN:85,(anonymous_7)
FNF:8
FNH:5
FNDA:1,(anonymous_0)
FNDA:1,(anonymous_1)
FNDA:3,(anonymous_2)
FNDA:1,(anonymous_3)
FNDA:1,(anonymous_4)
FNDA:0,(anonymous_5)
FNDA:0,(anonymous_6)
FNDA:0,(anonymous_7)
DA:1,9
DA:2,9
DA:3,9
DA:6,9
DA:9,9
DA:12,9
DA:13,1
DA:14,1
DA:15,1
DA:16,1
DA:18,0
DA:19,0
DA:24,9
DA:25,1
DA:26,1
DA:27,1
DA:29,0
DA:30,0
DA:35,9
DA:36,3
DA:38,3
DA:39,3
DA:40,3
DA:41,3
DA:45,3
DA:46,3
DA:49,3
DA:52,3
DA:55,3
DA:58,3
DA:60,0
DA:64,9
DA:65,1
DA:66,1
DA:67,1
DA:69,0
DA:73,9
DA:74,1
DA:77,9
DA:78,0
DA:81,9
DA:82,0
DA:85,9
DA:86,0
LF:44
LH:35
BRDA:6,0,0,9
BRDA:6,0,1,0
BRDA:24,1,0,0
BRDA:45,2,0,3
BRDA:45,2,1,0
BRF:5
BRH:2
end_of_record
TN:
SF:modules\systemMonitor.js
FN:14,getSystemInfo
FN:56,getCpuUsage
FN:64,getCpuTemperature
FN:72,getDiskInfo
FN:88,startMonitoring
FN:110,(anonymous_5)
FN:124,(anonymous_6)
FN:126,(anonymous_7)
FN:142,addMonitoringListener
FN:152,removeMonitoringListener
FN:162,stopMonitoring
FNF:11
FNH:5
FNDA:0,getSystemInfo
FNDA:0,getCpuUsage
FNDA:0,getCpuTemperature
FNDA:0,getDiskInfo
FNDA:4,startMonitoring
FNDA:4,(anonymous_5)
FNDA:0,(anonymous_6)
FNDA:0,(anonymous_7)
FNDA:3,addMonitoringListener
FNDA:1,removeMonitoringListener
FNDA:1,stopMonitoring
DA:1,1
DA:2,1
DA:3,1
DA:4,1
DA:5,1
DA:7,1
DA:8,1
DA:15,0
DA:17,0
DA:25,0
DA:26,0
DA:27,0
DA:35,0
DA:37,0
DA:43,0
DA:44,0
DA:57,0
DA:65,0
DA:73,0
DA:74,0
DA:76,0
DA:91,4
DA:95,4
DA:97,4
DA:98,2
DA:99,2
DA:103,4
DA:110,4
DA:113,4
DA:114,4
DA:118,0
DA:119,0
DA:120,0
DA:124,0
DA:125,0
DA:126,0
DA:130,0
DA:133,0
DA:135,0
DA:143,3
DA:144,3
DA:153,1
DA:154,1
DA:155,1
DA:163,1
DA:164,1
DA:165,1
DA:166,1
DA:167,1
DA:169,0
DA:172,1
LF:51
LH:27
BRDA:91,0,0,4
BRDA:91,0,1,0
BRDA:91,0,2,0
BRDA:95,1,0,4
BRDA:95,1,1,0
BRDA:97,2,0,2
BRDA:97,2,1,2
BRDA:118,3,0,0
BRDA:118,3,1,0
BRDA:143,4,0,3
BRDA:143,4,1,0
BRDA:143,5,0,3
BRDA:143,5,1,3
BRDA:154,6,0,1
BRDA:154,6,1,0
BRDA:163,7,0,1
BRDA:163,7,1,0
BRF:17
BRH:9
end_of_record
TN:
SF:utils\configLoader.js
FN:18,loadConfig
FN:41,createDefaultConfig
FN:57,processPathTemplates
FN:75,saveConfig
FNF:4
FNH:4
FNDA:3,loadConfig
FNDA:2,createDefaultConfig
FNDA:3,processPathTemplates
FNDA:2,saveConfig
DA:1,1
DA:2,1
DA:5,1
DA:12,1
DA:19,3
DA:21,3
DA:22,2
DA:23,2
DA:26,1
DA:28,1
DA:29,1
DA:32,1
DA:33,1
DA:42,2
DA:43,2
DA:44,2
DA:45,2
DA:47,0
DA:48,0
DA:58,3
DA:61,3
DA:62,8
DA:63,2
DA:67,3
DA:76,2
DA:77,2
DA:78,1
DA:80,1
DA:81,1
DA:85,1
LF:30
LH:28
BRDA:6,0,0,1
BRDA:6,0,1,0
BRDA:21,1,0,2
BRDA:21,1,1,1
BRDA:62,2,0,2
BRDA:62,2,1,6
BRDA:62,3,0,8
BRDA:62,3,1,8
BRF:8
BRH:7
end_of_record
